[debug] [2022-09-27T19:40:33.490Z] ----------------------------------------------------------------------
[debug] [2022-09-27T19:40:33.491Z] Command:       C:\Program Files\nodejs\node.exe C:\Users\Zunair\AppData\Roaming\npm\node_modules\firebase-tools\lib\bin\firebase.js init hosting
[debug] [2022-09-27T19:40:33.492Z] CLI Version:   11.10.0
[debug] [2022-09-27T19:40:33.492Z] Platform:      win32
[debug] [2022-09-27T19:40:33.492Z] Node Version:  v16.15.1
[debug] [2022-09-27T19:40:33.493Z] Time:          Wed Sep 28 2022 00:40:33 GMT+0500 (Pakistan Standard Time)
[debug] [2022-09-27T19:40:33.493Z] ----------------------------------------------------------------------
[debug] 
[debug] [2022-09-27T19:40:33.501Z] > command requires scopes: ["email","openid","https://www.googleapis.com/auth/cloudplatformprojects.readonly","https://www.googleapis.com/auth/firebase","https://www.googleapis.com/auth/cloud-platform"]
[debug] [2022-09-27T19:40:33.502Z] > authorizing via signed-in user (zunairkwj@gmail.com)
[info] 
     ######## #### ########  ######## ########     ###     ######  ########
     ##        ##  ##     ## ##       ##     ##  ##   ##  ##       ##
     ######    ##  ########  ######   ########  #########  ######  ######
     ##        ##  ##    ##  ##       ##     ## ##     ##       ## ##
     ##       #### ##     ## ######## ########  ##     ##  ######  ########

You're about to initialize a Firebase project in this directory:

  D:\Working Projects\Netflix-Clone

[info] 
=== Project Setup
[info] 
[info] First, let's associate this project directory with a Firebase project.
[info] You can create multiple project aliases by running firebase use --add, 
[info] but for now we'll just set up a default project.
[info] 
[debug] [2022-09-27T19:40:38.798Z] >>> [apiv2][query] GET https://firebase.googleapis.com/v1beta1/projects pageSize=100
[debug] [2022-09-27T19:40:39.770Z] <<< [apiv2][status] GET https://firebase.googleapis.com/v1beta1/projects 200
[debug] [2022-09-27T19:40:39.771Z] <<< [apiv2][body] GET https://firebase.googleapis.com/v1beta1/projects [omitted]
[info] i  Using project netflix-clone-f6dff (netflix-clone) 
[info] 
=== Hosting Setup
[info] 
[info] Your public directory is the folder (relative to your project directory) that
[info] will contain Hosting assets to be uploaded with firebase deploy. If you
[info] have a build process for your assets, use your build's output directory.
[info] 
[debug] [2022-09-27T19:41:53.150Z] >>> [apiv2][query] GET https://www.gstatic.com/firebasejs/releases.json [none]
[debug] [2022-09-27T19:41:53.806Z] <<< [apiv2][status] GET https://www.gstatic.com/firebasejs/releases.json 200
[debug] [2022-09-27T19:41:53.807Z] <<< [apiv2][body] GET https://www.gstatic.com/firebasejs/releases.json {"current":{"version":"9.10.0","browserURL":"https://www.gstatic.com/firebasejs/9.10.0/firebase.js","packageURL":"https://www.gstatic.com/firebasejs/9.10.0/firebase.tgz"},"live":{"version":"9.10","browserURL":"https://www.gstatic.com/firebasejs/live/9.10/firebase.js","packageURL":"https://www.gstatic.com/firebasejs/live/9.10/firebase.tgz"},"components":{"analytics":"https://www.gstatic.com/firebasejs/9.10.0/firebase-analytics.js","app":"https://www.gstatic.com/firebasejs/9.10.0/firebase-app.js","app-check":"https://www.gstatic.com/firebasejs/9.10.0/firebase-app-check.js","auth":"https://www.gstatic.com/firebasejs/9.10.0/firebase-auth.js","auth/cordova":"https://www.gstatic.com/firebasejs/9.10.0/firebase-auth/cordova.js","auth/react-native":"https://www.gstatic.com/firebasejs/9.10.0/firebase-auth/react-native.js","functions":"https://www.gstatic.com/firebasejs/9.10.0/firebase-functions.js","firestore":"https://www.gstatic.com/firebasejs/9.10.0/firebase-firestore.js","firestore/lite":"https://www.gstatic.com/firebasejs/9.10.0/firebase-firestore/lite.js","installations":"https://www.gstatic.com/firebasejs/9.10.0/firebase-installations.js","storage":"https://www.gstatic.com/firebasejs/9.10.0/firebase-storage.js","performance":"https://www.gstatic.com/firebasejs/9.10.0/firebase-performance.js","remote-config":"https://www.gstatic.com/firebasejs/9.10.0/firebase-remote-config.js","messaging":"https://www.gstatic.com/firebasejs/9.10.0/firebase-messaging.js","messaging/sw":"https://www.gstatic.com/firebasejs/9.10.0/firebase-messaging/sw.js","database":"https://www.gstatic.com/firebasejs/9.10.0/firebase-database.js","firestore.memory":"https://www.gstatic.com/firebasejs/9.10.0/firebase-firestore.memory.js"}}
[info] +  Wrote build/index.html 
[info] 
[info] i  Detected a .git folder at D:\Working Projects\Netflix-Clone 
[info] i  Authorizing with GitHub to upload your service account to a GitHub repository's secrets store. 
[info] 
[info] Visit this URL on this device to log in:
[info] https://github.com/login/oauth/authorize?client_id=89cf50f02ac6aaed3484&state=422371209&redirect_uri=http%3A%2F%2Flocalhost%3A9005&scope=read%3Auser%20repo%20public_repo
[info] 
[info] Waiting for authentication...
[debug] [2022-09-27T19:44:19.043Z] >>> [apiv2][query] POST https://github.com/login/oauth/access_token [none]
[debug] [2022-09-27T19:44:19.043Z] >>> [apiv2][body] POST https://github.com/login/oauth/access_token [stream]
[debug] [2022-09-27T19:44:19.587Z] <<< [apiv2][status] POST https://github.com/login/oauth/access_token 200
[debug] [2022-09-27T19:44:19.587Z] <<< [apiv2][body] POST https://github.com/login/oauth/access_token {"access_token":"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","token_type":"bearer","scope":"read:user,repo"}
[debug] [2022-09-27T19:44:19.595Z] >>> [apiv2][query] GET https://api.github.com/user [none]
[debug] [2022-09-27T19:44:20.128Z] <<< [apiv2][status] GET https://api.github.com/user 200
[debug] [2022-09-27T19:44:20.128Z] <<< [apiv2][body] GET https://api.github.com/user {"login":"khzunair","id":102663927,"node_id":"U_kgDOBh6G9w","avatar_url":"https://avatars.githubusercontent.com/u/102663927?v=4","gravatar_id":"","url":"https://api.github.com/users/khzunair","html_url":"https://github.com/khzunair","followers_url":"https://api.github.com/users/khzunair/followers","following_url":"https://api.github.com/users/khzunair/following{/other_user}","gists_url":"https://api.github.com/users/khzunair/gists{/gist_id}","starred_url":"https://api.github.com/users/khzunair/starred{/owner}{/repo}","subscriptions_url":"https://api.github.com/users/khzunair/subscriptions","organizations_url":"https://api.github.com/users/khzunair/orgs","repos_url":"https://api.github.com/users/khzunair/repos","events_url":"https://api.github.com/users/khzunair/events{/privacy}","received_events_url":"https://api.github.com/users/khzunair/received_events","type":"User","site_admin":false,"name":"Zunair Khawaja","company":null,"blog":"","location":null,"email":null,"hireable":null,"bio":null,"twitter_username":null,"public_repos":3,"public_gists":0,"followers":1,"following":1,"created_at":"2022-03-30T10:40:32Z","updated_at":"2022-09-17T17:28:35Z","private_gists":0,"total_private_repos":8,"owned_private_repos":8,"disk_usage":4706,"collaborators":3,"two_factor_authentication":false,"plan":{"name":"pro","space":976562499,"collaborators":0,"private_repos":9999}}
[info] 
[info] +  Success! Logged into GitHub as khzunair 
[info] 
